<?xml version="1.0" encoding="UTF-8"?>
<testsuite name="hello.TestGreeter" tests="2" skipped="0" failures="0" errors="0" timestamp="2019-04-25T22:22:19" hostname="DESKTOP-ORJ51G8" time="0.009">
  <properties/>
  <testcase name="testGreeter()" classname="hello.TestGreeter" time="0.008"/>
  <testcase name="testGreeterEmpty()" classname="hello.TestGreeter" time="0.001"/>
  <system-out><![CDATA[]]></system-out>
  <system-err><![CDATA[]]></system-err>
</testsuite>
