<?xml version="1.0" encoding="UTF-8"?>
<testsuite name="hello.TestGreeter" tests="2" skipped="0" failures="0" errors="0" timestamp="2019-10-10T20:54:58" hostname="Kenneth-Aero15X" time="0.02">
  <properties/>
  <testcase name="testGreeter()" classname="hello.TestGreeter" time="0.017"/>
  <testcase name="testGreeterEmpty()" classname="hello.TestGreeter" time="0.001"/>
  <system-out><![CDATA[]]></system-out>
  <system-err><![CDATA[]]></system-err>
</testsuite>
