<?xml version="1.0" encoding="UTF-8"?>
<testsuite name="hello.TestGreeter" tests="2" skipped="0" failures="0" errors="0" timestamp="2020-02-27T05:16:51" hostname="LAPTOP-KCPA4RRO" time="0.028">
  <properties/>
  <testcase name="testGreeter()" classname="hello.TestGreeter" time="0.024"/>
  <testcase name="testGreeterEmpty()" classname="hello.TestGreeter" time="0.002"/>
  <system-out><![CDATA[]]></system-out>
  <system-err><![CDATA[]]></system-err>
</testsuite>
